<?xml version="1.0" encoding="UTF-8"?>
<!-- Generated by org.testng.reporters.JUnitReportReporter -->
<testsuite skipped="0" hostname="Lenovo-PC" name="com.example.qa.tests.HomePageTest" tests="2" failures="0" timestamp="18 Jan 2019 10:22:06 GMT" time="15.586" errors="0">
  <testcase name="homePageTitleTest" time="7.357" classname="com.example.qa.tests.HomePageTest"/>
  <testcase name="clickSignInTest" time="8.229" classname="com.example.qa.tests.HomePageTest"/>
</testsuite> <!-- com.example.qa.tests.HomePageTest -->
