<?xml version="1.0" encoding="UTF-8"?>
<!-- Generated by org.testng.reporters.JUnitReportReporter -->
<testsuite skipped="0" hostname="Lenovo-PC" name="com.example.qa.tests.SigninPasswordPageTest" tests="4" failures="0" timestamp="18 Jan 2019 10:29:05 GMT" time="35.965" errors="0">
  <testcase name="signinPasswordPageTitleTest" time="7.588" classname="com.example.qa.tests.SigninPasswordPageTest"/>
  <testcase name="signinPasswordPageTitleTest" time="8.371" classname="com.example.qa.tests.SigninPasswordPageTest"/>
  <testcase name="writePasswordTest" time="10.692" classname="com.example.qa.tests.SigninPasswordPageTest"/>
  <testcase name="writePasswordTest" time="9.314" classname="com.example.qa.tests.SigninPasswordPageTest"/>
</testsuite> <!-- com.example.qa.tests.SigninPasswordPageTest -->
