<?xml version="1.0" encoding="UTF-8"?>
<!-- Generated by org.testng.reporters.JUnitReportReporter -->
<testsuite skipped="0" hostname="Lenovo-PC" name="com.example.qa.tests.SigninEmailPageTest" tests="3" failures="0" timestamp="18 Jan 2019 10:23:41 GMT" time="27.049" errors="0">
  <testcase name="signinEmailPageTitleTest" time="7.176" classname="com.example.qa.tests.SigninEmailPageTest"/>
  <testcase name="writeEmailTest" time="11.854" classname="com.example.qa.tests.SigninEmailPageTest"/>
  <testcase name="writeEmailTest" time="8.019" classname="com.example.qa.tests.SigninEmailPageTest"/>
</testsuite> <!-- com.example.qa.tests.SigninEmailPageTest -->
